<?xml version="1.0" encoding="UTF-8"?>
<!-- Generated by org.testng.reporters.JUnitReportReporter -->
<testsuite hostname="LAPTOP-GFGUF4CD" failures="0" tests="1" name="parametrization.extentReport" time="15.955" errors="0" timestamp="2022-02-23T16:05:55 IST" skipped="0">
  <testcase classname="parametrization.extentReport" name="googleTitleValidation" time="15.955"/>
  <system-out/>
</testsuite> <!-- parametrization.extentReport -->
