<?xml version="1.0" encoding="UTF-8"?>
<!-- Generated by org.testng.reporters.JUnitReportReporter -->
<testsuite hostname="LAPTOP-GFGUF4CD" failures="0" tests="3" name="parametrization.dataProvider" time="47.645" errors="0" timestamp="2022-02-23T16:09:19 IST" skipped="0">
  <testcase classname="parametrization.dataProvider" name="search" time="14.052"/>
  <system-out/>
  <testcase classname="parametrization.dataProvider" name="search" time="20.209"/>
  <system-out/>
  <testcase classname="parametrization.dataProvider" name="search" time="13.384"/>
  <system-out/>
</testsuite> <!-- parametrization.dataProvider -->
